---------------------------------------------------------------
[ 2020-04-20T00:30:35+08:00 ] ::1 ::1 GET /dashboard/bishe/bzhan/admin/index/index
[ info ] localhost/dashboard/bishe/bzhan/admin/index/index [运行时间：0.376077s][吞吐率：2.66req/s] [内存消耗：2,595.59kb] [文件加载：49]
[ info ] [ LANG ] D:\xampp\htdocs\dashboard\bishe\bzhan\core\lang\zh-cn.php
[ info ] [ ROUTE ] array (
  'type' => 'module',
  'module' => 
  array (
    0 => 'admin',
    1 => 'index',
    2 => 'index',
  ),
)
[ info ] [ HEADER ] array (
  'host' => 'localhost',
  'connection' => 'keep-alive',
  'upgrade-insecure-requests' => '1',
  'user-agent' => 'Mozilla/5.0 (Windows NT 10.0; Win64; x64) AppleWebKit/537.36 (KHTML, like Gecko) Chrome/80.0.3987.163 Safari/537.36',
  'sec-fetch-dest' => 'document',
  'accept' => 'text/html,application/xhtml+xml,application/xml;q=0.9,image/webp,image/apng,*/*;q=0.8,application/signed-exchange;v=b3;q=0.9',
  'sec-fetch-site' => 'none',
  'sec-fetch-mode' => 'navigate',
  'sec-fetch-user' => '?1',
  'accept-encoding' => 'gzip, deflate, br',
  'accept-language' => 'zh-CN,zh;q=0.9',
  'cookie' => '___rl__test__cookies=1587190192078; Phpstorm-46186e46=5b71ea8f-25a4-4d14-acbb-5b8714b5cc7d; pgv_pvi=2527547392; Hm_lvt_080836300300be57b7f34f4b3e97d911=1586785779; PHPSESSID=q2mqfi774bfmqraouhkqno16d5',
)
[ info ] [ PARAM ] array (
)
[ info ] [ CACHE ] INIT File
[ info ] [ DB ] INIT mysql
[ info ] [ SESSION ] INIT array (
  'prefix' => 'admin',
  'type' => '',
  'auto_start' => true,
)
[ info ] [ LOG ] INIT file
---------------------------------------------------------------
[ 2020-04-20T00:30:35+08:00 ] ::1 ::1 GET /dashboard/bishe/bzhan/admin/login.html
[ info ] localhost/dashboard/bishe/bzhan/admin/login.html [运行时间：0.351988s][吞吐率：2.84req/s] [内存消耗：2,565.17kb] [文件加载：50]
[ info ] [ LANG ] D:\xampp\htdocs\dashboard\bishe\bzhan\core\lang\zh-cn.php
[ info ] [ ROUTE ] array (
  'type' => 'module',
  'module' => 
  array (
    0 => 'admin',
    1 => 'index',
    2 => 'login',
  ),
  'convert' => false,
)
[ info ] [ HEADER ] array (
  'host' => 'localhost',
  'connection' => 'keep-alive',
  'upgrade-insecure-requests' => '1',
  'user-agent' => 'Mozilla/5.0 (Windows NT 10.0; Win64; x64) AppleWebKit/537.36 (KHTML, like Gecko) Chrome/80.0.3987.163 Safari/537.36',
  'sec-fetch-dest' => 'document',
  'accept' => 'text/html,application/xhtml+xml,application/xml;q=0.9,image/webp,image/apng,*/*;q=0.8,application/signed-exchange;v=b3;q=0.9',
  'sec-fetch-site' => 'none',
  'sec-fetch-mode' => 'navigate',
  'sec-fetch-user' => '?1',
  'accept-encoding' => 'gzip, deflate, br',
  'accept-language' => 'zh-CN,zh;q=0.9',
  'cookie' => '___rl__test__cookies=1587190192078; Phpstorm-46186e46=5b71ea8f-25a4-4d14-acbb-5b8714b5cc7d; pgv_pvi=2527547392; Hm_lvt_080836300300be57b7f34f4b3e97d911=1586785779; PHPSESSID=q2mqfi774bfmqraouhkqno16d5',
)
[ info ] [ PARAM ] array (
)
[ info ] [ CACHE ] INIT File
[ info ] [ DB ] INIT mysql
[ info ] [ LOG ] INIT file
[ error ] [8]Trying to access array offset on value of type null[D:\xampp\htdocs\dashboard\bishe\bzhan\application\admin\controller\Base.php:55]
